<?xml version="1.0" encoding="UTF-8"?>
<testsuite xmlns:xsi="http://www.w3.org/2001/XMLSchema-instance" xsi:noNamespaceSchemaLocation="https://maven.apache.org/surefire/maven-surefire-plugin/xsd/surefire-test-report-3.0.xsd" version="3.0" name="com.kama.minispring.web.servlet.view.InternalResourceViewResolverTest" time="0.031" tests="5" errors="0" skipped="0" failures="0">
  <properties>
[...]
</properties>
  <testcase name="shouldHandleNullModelAttributes" classname="com.kama.minispring.web.servlet.view.InternalResourceViewResolverTest" time="0.021"/>
  <testcase name="shouldThrowExceptionWhenRequestDispatcherNotFound" classname="com.kama.minispring.web.servlet.view.InternalResourceViewResolverTest" time="0.002"/>
  <testcase name="shouldRenderViewCorrectly" classname="com.kama.minispring.web.servlet.view.InternalResourceViewResolverTest" time="0.0"/>
  <testcase name="shouldResolveViewWithCustomPrefixAndSuffix" classname="com.kama.minispring.web.servlet.view.InternalResourceViewResolverTest" time="0.0"/>
  <testcase name="shouldResolveViewWithDefaultSettings" classname="com.kama.minispring.web.servlet.view.InternalResourceViewResolverTest" time="0.001"/>
</testsuite>