<?xml version="1.0" encoding="UTF-8"?>
<testsuite xmlns:xsi="http://www.w3.org/2001/XMLSchema-instance" xsi:noNamespaceSchemaLocation="https://maven.apache.org/surefire/maven-surefire-plugin/xsd/surefire-test-report-3.0.xsd" version="3.0" name="com.minispring.test.ApplicationContextTest" time="0.055" tests="1" errors="0" skipped="0" failures="0">
  <properties>
[...]
</properties>
  <testcase name="testClassPathXmlApplicationContext" classname="com.minispring.test.ApplicationContextTest" time="0.055">
    <system-out><![CDATA[从资源 [com.minispring.core.io.ClassPathResource@4167d97b] 加载了Bean定义
创建Bean实例: testBeanWithConstructor, 构造参数: 0
开始解析构造函数: testBeanWithConstructor, 构造函数数量: 2
尝试自动装配构造函数: public com.minispring.test.bean.TestBean(java.lang.String)
解析依赖: 类型=java.lang.String, 名称=arg0
按名称获取Bean: arg0
按名称获取Bean失败: 找不到名为 'arg0' 的BeanDefinition
按类型获取Bean: java.lang.String
无法解析参数: arg0, 类型: java.lang.String
自动装配构造函数失败: 找不到类型为 'java.lang.String' 的Bean
尝试自动装配构造函数: public com.minispring.test.bean.TestBean()
成功解析构造函数参数: []
TestBean构造方法执行
将Bean[testBeanWithConstructor]提前曝光到三级缓存
BeanNameAware接口调用，beanName: testBeanWithConstructor
BeanFactoryAware接口调用，设置beanFactory
ApplicationContextAware接口调用，设置applicationContext
InitializingBean接口调用，执行afterPropertiesSet方法
执行Bean[testBeanWithConstructor]的InitializingBean接口的afterPropertiesSet方法
创建并缓存单例Bean: testBeanWithConstructor
创建Bean实例: testBeanWithLifecycle, 构造参数: 0
开始解析构造函数: testBeanWithLifecycle, 构造函数数量: 2
尝试自动装配构造函数: public com.minispring.test.bean.TestBean(java.lang.String)
解析依赖: 类型=java.lang.String, 名称=arg0
按名称获取Bean: arg0
按名称获取Bean失败: 找不到名为 'arg0' 的BeanDefinition
按类型获取Bean: java.lang.String
无法解析参数: arg0, 类型: java.lang.String
自动装配构造函数失败: 找不到类型为 'java.lang.String' 的Bean
尝试自动装配构造函数: public com.minispring.test.bean.TestBean()
成功解析构造函数参数: []
TestBean构造方法执行
将Bean[testBeanWithLifecycle]提前曝光到三级缓存
TestBean设置属性name: 生命周期Bean
BeanNameAware接口调用，beanName: testBeanWithLifecycle
BeanFactoryAware接口调用，设置beanFactory
ApplicationContextAware接口调用，设置applicationContext
InitializingBean接口调用，执行afterPropertiesSet方法
执行Bean[testBeanWithLifecycle]的InitializingBean接口的afterPropertiesSet方法
自定义初始化方法init执行
执行Bean[testBeanWithLifecycle]的自定义初始化方法：init
创建并缓存单例Bean: testBeanWithLifecycle
创建Bean实例: testService, 构造参数: 0
开始解析构造函数: testService, 构造函数数量: 1
尝试自动装配构造函数: public com.minispring.test.service.TestService()
成功解析构造函数参数: []
将Bean[testService]提前曝光到三级缓存
创建Bean实例: testBean, 构造参数: 0
开始解析构造函数: testBean, 构造函数数量: 2
尝试自动装配构造函数: public com.minispring.test.bean.TestBean(java.lang.String)
解析依赖: 类型=java.lang.String, 名称=arg0
按名称获取Bean: arg0
按名称获取Bean失败: 找不到名为 'arg0' 的BeanDefinition
按类型获取Bean: java.lang.String
无法解析参数: arg0, 类型: java.lang.String
自动装配构造函数失败: 找不到类型为 'java.lang.String' 的Bean
尝试自动装配构造函数: public com.minispring.test.bean.TestBean()
成功解析构造函数参数: []
TestBean构造方法执行
将Bean[testBean]提前曝光到三级缓存
TestBean设置属性name: 测试Bean
BeanNameAware接口调用，beanName: testBean
BeanFactoryAware接口调用，设置beanFactory
ApplicationContextAware接口调用，设置applicationContext
InitializingBean接口调用，执行afterPropertiesSet方法
执行Bean[testBean]的InitializingBean接口的afterPropertiesSet方法
创建并缓存单例Bean: testBean
创建并缓存单例Bean: testService
创建Bean实例: lifecycleBean, 构造参数: 0
开始解析构造函数: lifecycleBean, 构造函数数量: 1
尝试自动装配构造函数: public com.minispring.test.bean.LifecycleBean()
成功解析构造函数参数: []
LifecycleBean构造函数
将Bean[lifecycleBean]提前曝光到三级缓存
LifecycleBean初始化方法
执行Bean[lifecycleBean]的自定义初始化方法：init
创建并缓存单例Bean: lifecycleBean
从缓存中获取到Bean: testBean
从缓存中获取到Bean: testBean
从缓存中获取到Bean: testBean
所有Bean名称:
- prototypeBean
- testBeanWithConstructor
- testBeanWithLifecycle
- testService
- lifecycleBean
- testBean
]]></system-out>
  </testcase>
</testsuite>