<?xml version="1.0" encoding="UTF-8"?>
<testsuite xmlns:xsi="http://www.w3.org/2001/XMLSchema-instance" xsi:noNamespaceSchemaLocation="https://maven.apache.org/surefire/maven-surefire-plugin/xsd/surefire-test-report-3.0.xsd" version="3.0" name="com.minispring.test.AopTest" time="0.16" tests="2" errors="0" skipped="0" failures="0">
  <properties>
[...]
</properties>
  <testcase name="testCglibProxy" classname="com.minispring.test.AopTest" time="0.14">
    <system-out><![CDATA[AdvisedSupport: 计算方法 doSomething 的拦截器链
AdvisedSupport: 目标类 com.minispring.test.AopTest$NonInterfaceService
AdvisedSupport: 接口: 无
AdvisedSupport: 通知器数量 1
AdvisedSupport: 检查通知器 com.minispring.aop.support.DefaultPointcutAdvisor
AdvisedSupport: 这是一个切点通知器: com.minispring.aop.support.DefaultPointcutAdvisor
AdvisedSupport: 类匹配结果: true
AdvisedSupport: 方法匹配结果: true
AdvisedSupport: 匹配成功，添加通知: com.minispring.test.AopTest$TestBeforeAdvice
AdvisedSupport: 最终得到的拦截器数量: 1
TestBeforeAdvice.before called, counter = 1
Before method [doSomething] on target [com.minispring.test.AopTest$NonInterfaceService]
]]></system-out>
  </testcase>
  <testcase name="testAopProxy" classname="com.minispring.test.AopTest" time="0.007">
    <system-out><![CDATA[Target class: com.minispring.test.AopTest$TestService
Pointcut matches TestService: true
Pointcut matches sayHello method: true
Pointcut matches ITestService sayHello method: true
JdkDynamicAopProxy.invoke: method=sayHello, target=com.minispring.test.AopTest$TestService
AdvisedSupport: 计算方法 sayHello 的拦截器链
AdvisedSupport: 目标类 com.minispring.test.AopTest$TestService
AdvisedSupport: 接口: com.minispring.test.AopTest$ITestService
AdvisedSupport: 通知器数量 1
AdvisedSupport: 检查通知器 com.minispring.aop.support.DefaultPointcutAdvisor
AdvisedSupport: 这是一个切点通知器: com.minispring.aop.support.DefaultPointcutAdvisor
AdvisedSupport: 类匹配结果: true
AdvisedSupport: 方法匹配结果: true
AdvisedSupport: 匹配成功，添加通知: com.minispring.test.AopTest$TestBeforeAdvice
AdvisedSupport: 最终得到的拦截器数量: 1
JdkDynamicAopProxy.invoke: interceptors=1
Starting to process interceptor chain with 1 interceptors
Processing interceptor: com.minispring.test.AopTest$TestBeforeAdvice
Executing before advice
TestBeforeAdvice.before called, counter = 1
Before method [sayHello] on target [com.minispring.test.AopTest$TestService]
Invoking target method directly
JdkDynamicAopProxy.invoke: method=sayHello, target=com.minispring.test.AopTest$TestService
JdkDynamicAopProxy.invoke: interceptors=1
Starting to process interceptor chain with 1 interceptors
Processing interceptor: com.minispring.test.AopTest$TestBeforeAdvice
Executing before advice
TestBeforeAdvice.before called, counter = 2
Before method [sayHello] on target [com.minispring.test.AopTest$TestService]
Invoking target method directly
]]></system-out>
  </testcase>
</testsuite>